3/16/2024 12:29:29 PM Results File: /Users/pedrobelo/dev/code-smell-game-analyser/CodeAnalysis.json
3/16/2024 12:29:29 PM Project: C# Project
3/16/2024 12:29:29 PM Directory Analyzed: repositorio/
3/16/2024 12:29:29 PM Config File: Config.json
3/16/2024 12:29:29 PM Statements: False
3/16/2024 12:29:29 PM Verbose: False
3/16/2024 12:29:29 PM Project Path: repositorio/
3/16/2024 12:29:29 PM Log Level: Debug
3/16/2024 12:29:29 PM Config File Not Found!
3/16/2024 12:29:29 PM Additional Assemblies: None
3/16/2024 12:29:29 PM Analysis Started...
3/16/2024 12:29:29 PM Loading Project Assemblies...
3/16/2024 12:29:29 PM Done!
3/16/2024 12:29:29 PM Loading Config Assemblies Directories...
3/16/2024 12:29:29 PM Nothing Found!
3/16/2024 12:29:29 PM Loading Project...
3/16/2024 12:29:29 PM Loaded!
3/16/2024 12:29:31 PM Analyzing Amplitude
3/16/2024 12:29:33 PM Analyzing MiniJSON
3/16/2024 12:29:34 PM Analyzing Resource
3/16/2024 12:29:34 PM Analyzing Effects
3/16/2024 12:29:34 PM Analyzing ResearchManager
3/16/2024 12:29:34 PM Analyzing Controller
3/16/2024 12:29:34 PM Analyzing Attack
3/16/2024 12:29:34 PM Analyzing Prefs
3/16/2024 12:29:34 PM Analyzing Gameplay
3/16/2024 12:29:34 PM Analyzing AutoDestroyParticle
3/16/2024 12:29:34 PM Analyzing Utils
3/16/2024 12:29:35 PM Analyzing changelog
3/16/2024 12:29:35 PM Analyzing AttachMainCamera
3/16/2024 12:29:35 PM Analyzing WireframeCamera
3/16/2024 12:29:35 PM Analyzing QuitGame
3/16/2024 12:29:35 PM Analyzing BuildBuilding
3/16/2024 12:29:35 PM Analyzing CameraControl
3/16/2024 12:29:35 PM Analyzing CameraZoomSlider
3/16/2024 12:29:35 PM Analyzing Gui
3/16/2024 12:29:35 PM Analyzing CancelTrainUnit
3/16/2024 12:29:35 PM Analyzing RestartGame
3/16/2024 12:29:35 PM Analyzing Train
3/16/2024 12:29:35 PM Analyzing Ai
3/16/2024 12:29:35 PM Analyzing Human
3/16/2024 12:29:35 PM Analyzing Player
3/16/2024 12:29:35 PM Analyzing AiRush
3/16/2024 12:29:35 PM Analyzing Playable
3/16/2024 12:29:35 PM Analyzing StrategyObject
3/16/2024 12:29:35 PM Analyzing Research
3/16/2024 12:29:35 PM Analyzing AlternativePath
3/16/2024 12:29:35 PM Analyzing StartEndModifier
3/16/2024 12:29:35 PM Analyzing SimpleSmoothModifier
3/16/2024 12:29:35 PM Analyzing Modifiers
3/16/2024 12:29:35 PM Analyzing RaycastModifier
3/16/2024 12:29:35 PM Analyzing FunnelModifier
3/16/2024 12:29:35 PM Analyzing AstarData
3/16/2024 12:29:36 PM Analyzing AstarPath
3/16/2024 12:29:36 PM Analyzing GraphUpdateScene
3/16/2024 12:29:36 PM Analyzing AstarMath
3/16/2024 12:29:36 PM Analyzing PathHandler
3/16/2024 12:29:36 PM Analyzing Path
3/16/2024 12:29:36 PM Analyzing GraphUpdateShape
3/16/2024 12:29:36 PM Analyzing astarclasses
3/16/2024 12:29:36 PM Analyzing RelevantGraphSurface
3/16/2024 12:29:36 PM Analyzing ABPath
3/16/2024 12:29:36 PM Analyzing AstarParallel
3/16/2024 12:29:36 PM Analyzing AstarProfiler
3/16/2024 12:29:36 PM Analyzing DotNetReplacements
3/16/2024 12:29:36 PM Analyzing GraphUpdateUtilities
3/16/2024 12:29:36 PM Analyzing LockFreeStack
3/16/2024 12:29:37 PM Analyzing ProfileHelper
3/16/2024 12:29:37 PM Analyzing AstarMemory
3/16/2024 12:29:37 PM Analyzing PathUtilities
3/16/2024 12:29:37 PM Analyzing AstarChecksum
3/16/2024 12:29:37 PM Analyzing UnityReferenceHelper
3/16/2024 12:29:37 PM Analyzing GridGenerator
3/16/2024 12:29:37 PM Analyzing NavMeshGenerator
3/16/2024 12:29:37 PM Analyzing PointGenerator
3/16/2024 12:29:37 PM Analyzing Base
3/16/2024 12:29:37 PM Analyzing QuadtreeGraph
3/16/2024 12:29:37 PM Analyzing AstarUpdateWindow
3/16/2024 12:29:37 PM Analyzing AstarPathEditor
3/16/2024 12:29:38 PM Analyzing EditorGUIx
3/16/2024 12:29:38 PM Analyzing SeekerEditor
3/16/2024 12:29:38 PM Analyzing GraphUpdateSceneEditor
3/16/2024 12:29:38 PM Analyzing EditorUtilities
3/16/2024 12:29:38 PM Analyzing AnimationLinkEditor
3/16/2024 12:29:38 PM Analyzing Building
3/16/2024 12:29:38 PM Analyzing SupplyDepot
3/16/2024 12:29:38 PM Analyzing GasExtractor
3/16/2024 12:29:38 PM Analyzing Worker
3/16/2024 12:29:38 PM Analyzing Attacker
3/16/2024 12:29:38 PM Analyzing Unit
3/16/2024 12:29:38 PM Analyzing ThreadControlQueue
3/16/2024 12:29:38 PM Analyzing NodeLink2
3/16/2024 12:29:38 PM Analyzing StackPool
3/16/2024 12:29:38 PM Analyzing NodeLink3
3/16/2024 12:29:38 PM Analyzing AstarDebugger
3/16/2024 12:29:38 PM Analyzing AnimationLink
3/16/2024 12:29:38 PM Analyzing BinaryHeap
3/16/2024 12:29:38 PM Analyzing GraphModifier
3/16/2024 12:29:38 PM Analyzing ListPool
3/16/2024 12:29:38 PM Analyzing WindowsStoreCompatibility
3/16/2024 12:29:38 PM Analyzing PathPool
3/16/2024 12:29:38 PM Analyzing NodeLink
3/16/2024 12:29:38 PM Analyzing Int3
3/16/2024 12:29:38 PM Analyzing GraphEditorBase
3/16/2024 12:29:38 PM Analyzing AstarEnumFlagAttr
3/16/2024 12:29:38 PM Analyzing ObjectPool
3/16/2024 12:29:38 PM Analyzing GraphNode
3/16/2024 12:29:38 PM Analyzing SimpleZipReplacement
3/16/2024 12:29:38 PM Analyzing JsonSerializer
3/16/2024 12:29:38 PM Analyzing SimpleJsonReplacement
3/16/2024 12:29:38 PM Analyzing JsonConverters
3/16/2024 12:29:38 PM Analyzing Seeker
3/16/2024 12:29:38 PM Analyzing NavmeshController
3/16/2024 12:29:38 PM Analyzing AIPath
3/16/2024 12:29:38 PM Analyzing MineBotAI
3/16/2024 12:29:38 PM Analyzing AstarSmoothFollow2
3/16/2024 12:29:39 PM Analyzing DoorController
3/16/2024 12:29:39 PM Analyzing AIFollow
3/16/2024 12:29:39 PM Analyzing TargetMover
3/16/2024 12:29:39 PM Analyzing ObjectPlacer
3/16/2024 12:29:39 PM Analyzing DynamicGridObstacle
3/16/2024 12:29:39 PM Analyzing ProceduralWorld
3/16/2024 12:29:39 PM Analyzing ProceduralGridMover
3/16/2024 12:29:39 PM Analyzing BBTree
3/16/2024 12:29:39 PM Analyzing NavMeshRenderer
3/16/2024 12:29:39 PM Analyzing ObjImporter
3/16/2024 12:29:39 PM Analyzing GridNode
3/16/2024 12:29:39 PM Analyzing TriangleMeshNode
3/16/2024 12:29:39 PM Analyzing PointNode
3/16/2024 12:29:39 PM Analyzing AstarEnumFlagDrawer
3/16/2024 12:29:39 PM Analyzing RaycastModifierEditor
3/16/2024 12:29:39 PM Analyzing SmoothModifierEditor
3/16/2024 12:29:39 PM Analyzing GraphEditor
3/16/2024 12:29:39 PM Analyzing PointGeneratorEditor
3/16/2024 12:29:39 PM Analyzing GridGeneratorEditor
3/16/2024 12:29:39 PM Analyzing NavMeshGeneratorEditor
3/16/2024 12:29:39 PM Converting to JSON format...
3/16/2024 12:29:40 PM Done!
3/16/2024 12:29:40 PM Saving Results in /Users/pedrobelo/dev/code-smell-game-analyser/CodeAnalysis.json
3/16/2024 12:29:40 PM Done!
